<?xml version="1.0" encoding="UTF-8"?>
<!-- Generated by org.testng.reporters.JUnitXMLReporter -->
<testsuite hostname="DESKTOP-DJ4GJMT" ignored="0" name="LeafTapsTest" tests="12" failures="0" timestamp="2022-12-25T13:12:25 IST" time="418.027" errors="0">
  <testcase name="runCreateLead" time="16.608" classname="testcases.TC01_CreateLead"/>
  <testcase name="runCreateLead" time="16.159" classname="testcases.TC01_CreateLead"/>
  <testcase name="runDuplicateLead" time="45.983" classname="testcases.TC03_DuplicateLead"/>
  <testcase name="runCreateLead" time="17.753" classname="testcases.TC01_CreateLead"/>
  <testcase name="runCreateLead" time="18.092" classname="testcases.TC01_CreateLead"/>
  <testcase name="runDeleteLead" time="40.19" classname="testcases.TC04_DeleteLead"/>
  <testcase name="runCreateLead" time="13.337" classname="testcases.TC01_CreateLead"/>
  <testcase name="runEditLead" time="53.037" classname="testcases.TC02_EditLead"/>
  <testcase name="runEditLead" time="53.146" classname="testcases.TC02_EditLead"/>
  <testcase name="runEditLead" time="54.472" classname="testcases.TC02_EditLead"/>
  <testcase name="runEditLead" time="58.259" classname="testcases.TC02_EditLead"/>
  <testcase name="runEditLead" time="58.7" classname="testcases.TC02_EditLead"/>
</testsuite> <!-- LeafTapsTest -->
