<?xml version="1.0" encoding="UTF-8"?>
<testng-results skipped="0" failed="0" ignored="0" total="12" passed="12">
  <reporter-output>
  </reporter-output>
  <suite name="Suite" duration-ms="202092" started-at="2022-12-31T14:22:15 IST" finished-at="2022-12-31T14:25:37 IST">
    <groups>
    </groups>
    <test name="Test" duration-ms="202092" started-at="2022-12-31T14:22:15 IST" finished-at="2022-12-31T14:25:37 IST">
      <class name="testcase.TC004_DeleteLead">
        <test-method status="PASS" signature="preCondition()[pri:0, instance:testcase.TC004_DeleteLead@382db087]" name="preCondition" is-config="true" duration-ms="35728" started-at="2022-12-31T14:22:15 IST" finished-at="2022-12-31T14:22:51 IST">
          <reporter-output>
          </reporter-output>
        </test-method> <!-- preCondition -->
        <test-method status="PASS" signature="runDeleteLead()[pri:2, instance:testcase.TC004_DeleteLead@382db087]" name="runDeleteLead" duration-ms="63943" started-at="2022-12-31T14:22:51 IST" finished-at="2022-12-31T14:23:55 IST">
          <reporter-output>
          </reporter-output>
        </test-method> <!-- runDeleteLead -->
        <test-method status="PASS" signature="postCondition()[pri:0, instance:testcase.TC004_DeleteLead@382db087]" name="postCondition" is-config="true" duration-ms="13222" started-at="2022-12-31T14:23:55 IST" finished-at="2022-12-31T14:24:08 IST">
          <reporter-output>
          </reporter-output>
        </test-method> <!-- postCondition -->
      </class> <!-- testcase.TC004_DeleteLead -->
      <class name="testcase.TC003_DuplicateLeadLT">
        <test-method status="PASS" signature="preCondition()[pri:0, instance:testcase.TC003_DuplicateLeadLT@b9afc07]" name="preCondition" is-config="true" duration-ms="35399" started-at="2022-12-31T14:22:15 IST" finished-at="2022-12-31T14:22:51 IST">
          <reporter-output>
          </reporter-output>
        </test-method> <!-- preCondition -->
        <test-method status="PASS" signature="runDuplicateLeadLT()[pri:3, instance:testcase.TC003_DuplicateLeadLT@b9afc07]" name="runDuplicateLeadLT" duration-ms="73944" started-at="2022-12-31T14:22:51 IST" finished-at="2022-12-31T14:24:05 IST">
          <reporter-output>
          </reporter-output>
        </test-method> <!-- runDuplicateLeadLT -->
        <test-method status="PASS" signature="postCondition()[pri:0, instance:testcase.TC003_DuplicateLeadLT@b9afc07]" name="postCondition" is-config="true" duration-ms="26559" started-at="2022-12-31T14:24:05 IST" finished-at="2022-12-31T14:24:31 IST">
          <reporter-output>
          </reporter-output>
        </test-method> <!-- postCondition -->
      </class> <!-- testcase.TC003_DuplicateLeadLT -->
      <class name="testcase.TC002_EditLeadLT">
        <test-method status="PASS" signature="setFileName()[pri:0, instance:testcase.TC002_EditLeadLT@6483f5ae]" name="setFileName" is-config="true" duration-ms="0" started-at="2022-12-31T14:22:15 IST" finished-at="2022-12-31T14:22:15 IST">
          <reporter-output>
          </reporter-output>
        </test-method> <!-- setFileName -->
        <test-method status="PASS" signature="preCondition()[pri:0, instance:testcase.TC002_EditLeadLT@6483f5ae]" name="preCondition" is-config="true" duration-ms="14842" started-at="2022-12-31T14:24:09 IST" finished-at="2022-12-31T14:24:24 IST">
          <reporter-output>
          </reporter-output>
        </test-method> <!-- preCondition -->
        <test-method status="PASS" signature="preCondition()[pri:0, instance:testcase.TC002_EditLeadLT@6483f5ae]" name="preCondition" is-config="true" duration-ms="16153" started-at="2022-12-31T14:24:09 IST" finished-at="2022-12-31T14:24:25 IST">
          <reporter-output>
          </reporter-output>
        </test-method> <!-- preCondition -->
        <test-method status="PASS" signature="preCondition()[pri:0, instance:testcase.TC002_EditLeadLT@6483f5ae]" name="preCondition" is-config="true" duration-ms="14409" started-at="2022-12-31T14:24:09 IST" finished-at="2022-12-31T14:24:23 IST">
          <reporter-output>
          </reporter-output>
        </test-method> <!-- preCondition -->
        <test-method status="PASS" signature="preCondition()[pri:0, instance:testcase.TC002_EditLeadLT@6483f5ae]" name="preCondition" is-config="true" duration-ms="13629" started-at="2022-12-31T14:24:09 IST" finished-at="2022-12-31T14:24:22 IST">
          <reporter-output>
          </reporter-output>
        </test-method> <!-- preCondition -->
        <test-method status="PASS" signature="preCondition()[pri:0, instance:testcase.TC002_EditLeadLT@6483f5ae]" name="preCondition" is-config="true" duration-ms="15220" started-at="2022-12-31T14:24:09 IST" finished-at="2022-12-31T14:24:24 IST">
          <reporter-output>
          </reporter-output>
        </test-method> <!-- preCondition -->
        <test-method status="PASS" signature="runEditLead(java.lang.String,java.lang.String,java.lang.String)[pri:4, instance:testcase.TC002_EditLeadLT@6483f5ae]" name="runEditLead" duration-ms="48537" started-at="2022-12-31T14:24:22 IST" data-provider="LeafTapData" finished-at="2022-12-31T14:25:11 IST">
          <params>
            <param index="0">
              <value>
                <![CDATA[InfoSysEdit]]>
              </value>
            </param>
            <param index="1">
              <value>
                <![CDATA[ChandranEdit]]>
              </value>
            </param>
            <param index="2">
              <value>
                <![CDATA[KathirEdit]]>
              </value>
            </param>
          </params>
          <reporter-output>
          </reporter-output>
        </test-method> <!-- runEditLead -->
        <test-method status="PASS" signature="runEditLead(java.lang.String,java.lang.String,java.lang.String)[pri:4, instance:testcase.TC002_EditLeadLT@6483f5ae]" name="runEditLead" duration-ms="67872" started-at="2022-12-31T14:24:23 IST" data-provider="LeafTapData" finished-at="2022-12-31T14:25:31 IST">
          <params>
            <param index="0">
              <value>
                <![CDATA[LTIEdit]]>
              </value>
            </param>
            <param index="1">
              <value>
                <![CDATA[DavidEdit]]>
              </value>
            </param>
            <param index="2">
              <value>
                <![CDATA[LoustonEdit]]>
              </value>
            </param>
          </params>
          <reporter-output>
          </reporter-output>
        </test-method> <!-- runEditLead -->
        <test-method status="PASS" signature="runEditLead(java.lang.String,java.lang.String,java.lang.String)[pri:4, instance:testcase.TC002_EditLeadLT@6483f5ae]" name="runEditLead" duration-ms="72641" started-at="2022-12-31T14:24:24 IST" data-provider="LeafTapData" finished-at="2022-12-31T14:25:36 IST">
          <params>
            <param index="0">
              <value>
                <![CDATA[TCSEdit]]>
              </value>
            </param>
            <param index="1">
              <value>
                <![CDATA[RamEdit]]>
              </value>
            </param>
            <param index="2">
              <value>
                <![CDATA[EzhilEdit]]>
              </value>
            </param>
          </params>
          <reporter-output>
          </reporter-output>
        </test-method> <!-- runEditLead -->
        <test-method status="PASS" signature="runEditLead(java.lang.String,java.lang.String,java.lang.String)[pri:4, instance:testcase.TC002_EditLeadLT@6483f5ae]" name="runEditLead" duration-ms="69833" started-at="2022-12-31T14:24:24 IST" data-provider="LeafTapData" finished-at="2022-12-31T14:25:34 IST">
          <params>
            <param index="0">
              <value>
                <![CDATA[CTSEdit]]>
              </value>
            </param>
            <param index="1">
              <value>
                <![CDATA[AravindEdit]]>
              </value>
            </param>
            <param index="2">
              <value>
                <![CDATA[GayanEdit]]>
              </value>
            </param>
          </params>
          <reporter-output>
          </reporter-output>
        </test-method> <!-- runEditLead -->
        <test-method status="PASS" signature="runEditLead(java.lang.String,java.lang.String,java.lang.String)[pri:4, instance:testcase.TC002_EditLeadLT@6483f5ae]" name="runEditLead" duration-ms="63259" started-at="2022-12-31T14:24:25 IST" data-provider="LeafTapData" finished-at="2022-12-31T14:25:28 IST">
          <params>
            <param index="0">
              <value>
                <![CDATA[CGIEdit]]>
              </value>
            </param>
            <param index="1">
              <value>
                <![CDATA[BaluEdit]]>
              </value>
            </param>
            <param index="2">
              <value>
                <![CDATA[HemaEdit]]>
              </value>
            </param>
          </params>
          <reporter-output>
          </reporter-output>
        </test-method> <!-- runEditLead -->
        <test-method status="PASS" signature="postCondition()[pri:0, instance:testcase.TC002_EditLeadLT@6483f5ae]" name="postCondition" is-config="true" duration-ms="3046" started-at="2022-12-31T14:25:11 IST" finished-at="2022-12-31T14:25:14 IST">
          <reporter-output>
          </reporter-output>
        </test-method> <!-- postCondition -->
        <test-method status="PASS" signature="postCondition()[pri:0, instance:testcase.TC002_EditLeadLT@6483f5ae]" name="postCondition" is-config="true" duration-ms="8325" started-at="2022-12-31T14:25:28 IST" finished-at="2022-12-31T14:25:36 IST">
          <reporter-output>
          </reporter-output>
        </test-method> <!-- postCondition -->
        <test-method status="PASS" signature="postCondition()[pri:0, instance:testcase.TC002_EditLeadLT@6483f5ae]" name="postCondition" is-config="true" duration-ms="6127" started-at="2022-12-31T14:25:31 IST" finished-at="2022-12-31T14:25:37 IST">
          <reporter-output>
          </reporter-output>
        </test-method> <!-- postCondition -->
        <test-method status="PASS" signature="postCondition()[pri:0, instance:testcase.TC002_EditLeadLT@6483f5ae]" name="postCondition" is-config="true" duration-ms="3469" started-at="2022-12-31T14:25:34 IST" finished-at="2022-12-31T14:25:37 IST">
          <reporter-output>
          </reporter-output>
        </test-method> <!-- postCondition -->
        <test-method status="PASS" signature="postCondition()[pri:0, instance:testcase.TC002_EditLeadLT@6483f5ae]" name="postCondition" is-config="true" duration-ms="619" started-at="2022-12-31T14:25:36 IST" finished-at="2022-12-31T14:25:37 IST">
          <reporter-output>
          </reporter-output>
        </test-method> <!-- postCondition -->
      </class> <!-- testcase.TC002_EditLeadLT -->
      <class name="testcase.TC001_CreateLeadLT">
        <test-method status="PASS" signature="setFileName()[pri:0, instance:testcase.TC001_CreateLeadLT@7ba18f1b]" name="setFileName" is-config="true" duration-ms="21" started-at="2022-12-31T14:22:15 IST" finished-at="2022-12-31T14:22:15 IST">
          <reporter-output>
          </reporter-output>
        </test-method> <!-- setFileName -->
        <test-method status="PASS" signature="preCondition()[pri:0, instance:testcase.TC001_CreateLeadLT@7ba18f1b]" name="preCondition" is-config="true" duration-ms="32545" started-at="2022-12-31T14:22:19 IST" finished-at="2022-12-31T14:22:51 IST">
          <reporter-output>
          </reporter-output>
        </test-method> <!-- preCondition -->
        <test-method status="PASS" signature="preCondition()[pri:0, instance:testcase.TC001_CreateLeadLT@7ba18f1b]" name="preCondition" is-config="true" duration-ms="31887" started-at="2022-12-31T14:22:19 IST" finished-at="2022-12-31T14:22:51 IST">
          <reporter-output>
          </reporter-output>
        </test-method> <!-- preCondition -->
        <test-method status="PASS" signature="preCondition()[pri:0, instance:testcase.TC001_CreateLeadLT@7ba18f1b]" name="preCondition" is-config="true" duration-ms="32366" started-at="2022-12-31T14:22:19 IST" finished-at="2022-12-31T14:22:51 IST">
          <reporter-output>
          </reporter-output>
        </test-method> <!-- preCondition -->
        <test-method status="PASS" signature="preCondition()[pri:0, instance:testcase.TC001_CreateLeadLT@7ba18f1b]" name="preCondition" is-config="true" duration-ms="32111" started-at="2022-12-31T14:22:19 IST" finished-at="2022-12-31T14:22:51 IST">
          <reporter-output>
          </reporter-output>
        </test-method> <!-- preCondition -->
        <test-method status="PASS" signature="preCondition()[pri:0, instance:testcase.TC001_CreateLeadLT@7ba18f1b]" name="preCondition" is-config="true" duration-ms="32325" started-at="2022-12-31T14:22:19 IST" finished-at="2022-12-31T14:22:51 IST">
          <reporter-output>
          </reporter-output>
        </test-method> <!-- preCondition -->
        <test-method status="PASS" signature="runCreateLeadLT(java.lang.String,java.lang.String,java.lang.String)[pri:1, instance:testcase.TC001_CreateLeadLT@7ba18f1b]" name="runCreateLeadLT" duration-ms="66329" started-at="2022-12-31T14:22:51 IST" data-provider="LeafTapData" finished-at="2022-12-31T14:23:57 IST">
          <params>
            <param index="0">
              <value>
                <![CDATA[CTS]]>
              </value>
            </param>
            <param index="1">
              <value>
                <![CDATA[Aravind]]>
              </value>
            </param>
            <param index="2">
              <value>
                <![CDATA[Gayan]]>
              </value>
            </param>
          </params>
          <reporter-output>
          </reporter-output>
        </test-method> <!-- runCreateLeadLT -->
        <test-method status="PASS" signature="runCreateLeadLT(java.lang.String,java.lang.String,java.lang.String)[pri:1, instance:testcase.TC001_CreateLeadLT@7ba18f1b]" name="runCreateLeadLT" duration-ms="71661" started-at="2022-12-31T14:22:51 IST" data-provider="LeafTapData" finished-at="2022-12-31T14:24:03 IST">
          <params>
            <param index="0">
              <value>
                <![CDATA[LTI]]>
              </value>
            </param>
            <param index="1">
              <value>
                <![CDATA[David]]>
              </value>
            </param>
            <param index="2">
              <value>
                <![CDATA[Louston]]>
              </value>
            </param>
          </params>
          <reporter-output>
          </reporter-output>
        </test-method> <!-- runCreateLeadLT -->
        <test-method status="PASS" signature="runCreateLeadLT(java.lang.String,java.lang.String,java.lang.String)[pri:1, instance:testcase.TC001_CreateLeadLT@7ba18f1b]" name="runCreateLeadLT" duration-ms="70399" started-at="2022-12-31T14:22:51 IST" data-provider="LeafTapData" finished-at="2022-12-31T14:24:02 IST">
          <params>
            <param index="0">
              <value>
                <![CDATA[TCS]]>
              </value>
            </param>
            <param index="1">
              <value>
                <![CDATA[Ram]]>
              </value>
            </param>
            <param index="2">
              <value>
                <![CDATA[Ezhil]]>
              </value>
            </param>
          </params>
          <reporter-output>
          </reporter-output>
        </test-method> <!-- runCreateLeadLT -->
        <test-method status="PASS" signature="runCreateLeadLT(java.lang.String,java.lang.String,java.lang.String)[pri:1, instance:testcase.TC001_CreateLeadLT@7ba18f1b]" name="runCreateLeadLT" duration-ms="72179" started-at="2022-12-31T14:22:51 IST" data-provider="LeafTapData" finished-at="2022-12-31T14:24:03 IST">
          <params>
            <param index="0">
              <value>
                <![CDATA[InfoSys]]>
              </value>
            </param>
            <param index="1">
              <value>
                <![CDATA[Chandran]]>
              </value>
            </param>
            <param index="2">
              <value>
                <![CDATA[Kathir]]>
              </value>
            </param>
          </params>
          <reporter-output>
          </reporter-output>
        </test-method> <!-- runCreateLeadLT -->
        <test-method status="PASS" signature="runCreateLeadLT(java.lang.String,java.lang.String,java.lang.String)[pri:1, instance:testcase.TC001_CreateLeadLT@7ba18f1b]" name="runCreateLeadLT" duration-ms="70499" started-at="2022-12-31T14:22:51 IST" data-provider="LeafTapData" finished-at="2022-12-31T14:24:02 IST">
          <params>
            <param index="0">
              <value>
                <![CDATA[CGI]]>
              </value>
            </param>
            <param index="1">
              <value>
                <![CDATA[Balu]]>
              </value>
            </param>
            <param index="2">
              <value>
                <![CDATA[Hema]]>
              </value>
            </param>
          </params>
          <reporter-output>
          </reporter-output>
        </test-method> <!-- runCreateLeadLT -->
        <test-method status="PASS" signature="postCondition()[pri:0, instance:testcase.TC001_CreateLeadLT@7ba18f1b]" name="postCondition" is-config="true" duration-ms="12381" started-at="2022-12-31T14:23:57 IST" finished-at="2022-12-31T14:24:09 IST">
          <reporter-output>
          </reporter-output>
        </test-method> <!-- postCondition -->
        <test-method status="PASS" signature="postCondition()[pri:0, instance:testcase.TC001_CreateLeadLT@7ba18f1b]" name="postCondition" is-config="true" duration-ms="7381" started-at="2022-12-31T14:24:02 IST" finished-at="2022-12-31T14:24:09 IST">
          <reporter-output>
          </reporter-output>
        </test-method> <!-- postCondition -->
        <test-method status="PASS" signature="postCondition()[pri:0, instance:testcase.TC001_CreateLeadLT@7ba18f1b]" name="postCondition" is-config="true" duration-ms="7554" started-at="2022-12-31T14:24:02 IST" finished-at="2022-12-31T14:24:09 IST">
          <reporter-output>
          </reporter-output>
        </test-method> <!-- postCondition -->
        <test-method status="PASS" signature="postCondition()[pri:0, instance:testcase.TC001_CreateLeadLT@7ba18f1b]" name="postCondition" is-config="true" duration-ms="6865" started-at="2022-12-31T14:24:03 IST" finished-at="2022-12-31T14:24:09 IST">
          <reporter-output>
          </reporter-output>
        </test-method> <!-- postCondition -->
        <test-method status="PASS" signature="postCondition()[pri:0, instance:testcase.TC001_CreateLeadLT@7ba18f1b]" name="postCondition" is-config="true" duration-ms="5020" started-at="2022-12-31T14:24:03 IST" finished-at="2022-12-31T14:24:08 IST">
          <reporter-output>
          </reporter-output>
        </test-method> <!-- postCondition -->
      </class> <!-- testcase.TC001_CreateLeadLT -->
    </test> <!-- Test -->
  </suite> <!-- Suite -->
</testng-results>
