<?xml version="1.0" encoding="UTF-8"?>
<!-- Generated by org.testng.reporters.JUnitXMLReporter -->
<testsuite hostname="DESKTOP-DJ4GJMT" ignored="0" name="Default test" tests="5" failures="0" timestamp="2022-12-31T12:46:28 IST" time="72.389" errors="0">
  <testcase name="runCreateLeadLT" time="39.061" classname="testcase.TC001_CreateLeadLT"/>
  <testcase name="runCreateLeadLT" time="40.506" classname="testcase.TC001_CreateLeadLT"/>
  <testcase name="runCreateLeadLT" time="43.864" classname="testcase.TC001_CreateLeadLT"/>
  <testcase name="runCreateLeadLT" time="45.276" classname="testcase.TC001_CreateLeadLT"/>
  <testcase name="runCreateLeadLT" time="45.487" classname="testcase.TC001_CreateLeadLT"/>
</testsuite> <!-- Default test -->
