<?xml version="1.0" encoding="UTF-8"?>
<!-- Generated by org.testng.reporters.JUnitXMLReporter -->
<testsuite hostname="DESKTOP-DJ4GJMT" ignored="0" name="Test" tests="12" failures="0" timestamp="2022-12-31T14:25:37 IST" time="202.092" errors="0">
  <testcase name="runDeleteLead" time="63.943" classname="testcase.TC004_DeleteLead"/>
  <testcase name="runCreateLeadLT" time="66.329" classname="testcase.TC001_CreateLeadLT"/>
  <testcase name="runCreateLeadLT" time="70.399" classname="testcase.TC001_CreateLeadLT"/>
  <testcase name="runCreateLeadLT" time="70.499" classname="testcase.TC001_CreateLeadLT"/>
  <testcase name="runCreateLeadLT" time="71.661" classname="testcase.TC001_CreateLeadLT"/>
  <testcase name="runCreateLeadLT" time="72.179" classname="testcase.TC001_CreateLeadLT"/>
  <testcase name="runDuplicateLeadLT" time="73.944" classname="testcase.TC003_DuplicateLeadLT"/>
  <testcase name="runEditLead" time="48.537" classname="testcase.TC002_EditLeadLT"/>
  <testcase name="runEditLead" time="63.259" classname="testcase.TC002_EditLeadLT"/>
  <testcase name="runEditLead" time="67.872" classname="testcase.TC002_EditLeadLT"/>
  <testcase name="runEditLead" time="69.833" classname="testcase.TC002_EditLeadLT"/>
  <testcase name="runEditLead" time="72.641" classname="testcase.TC002_EditLeadLT"/>
</testsuite> <!-- Test -->
